[11-Jun-2013 23:07:01 Asia/Manila] PHP Warning:  Uncaught exception 'ErrorException' with message 'Undefined variable: app' in /server/public/ubilous/webroot/app/routes/members.php:4
Stack trace:
#0 /server/public/ubilous/webroot/app/routes/members.php(4): Slim\Slim::handleErrors(8, 'Undefined varia...', '/server/public/...', 4, Array)
#1 [internal function]: {closure}()
#2 /server/public/ubilous/webroot/Slim/Router.php(172): call_user_func_array(Object(Closure), Array)
#3 /server/public/ubilous/webroot/Slim/Slim.php(1222): Slim\Router->dispatch(Object(Slim\Route))
#4 /server/public/ubilous/webroot/Slim/Middleware/Flash.php(86): Slim\Slim->call()
#5 /server/public/ubilous/webroot/Slim/Middleware/MethodOverride.php(94): Slim\Middleware\Flash->call()
#6 /server/public/ubilous/webroot/Slim/Middleware/PrettyExceptions.php(67): Slim\Middleware\MethodOverride->call()
#7 /server/public/ubilous/webroot/Slim/Slim.php(1174): Slim\Middleware\PrettyExceptions->call()
#8 /server/public/ubilous/webroot/index.php(85): Slim\Slim->run()
#9 {main}
  thrown in /server/public/ubilous/webroot/app/routes/members.php on line 4
[11-Jun-2013 23:07:02 Asia/Manila] PHP Fatal error:  Call to a member function render() on a non-object in /server/public/ubilous/webroot/app/routes/members.php on line 28
[11-Jun-2013 23:11:03 Asia/Manila] PHP Warning:  Uncaught exception 'ErrorException' with message 'Undefined variable: app' in /server/public/ubilous/webroot/routes/members.php:5
Stack trace:
#0 /server/public/ubilous/webroot/routes/members.php(5): Slim\Slim::handleErrors(8, 'Undefined varia...', '/server/public/...', 5, Array)
#1 [internal function]: {closure}()
#2 /server/public/ubilous/webroot/Slim/Router.php(172): call_user_func_array(Object(Closure), Array)
#3 /server/public/ubilous/webroot/Slim/Slim.php(1222): Slim\Router->dispatch(Object(Slim\Route))
#4 /server/public/ubilous/webroot/Slim/Middleware/Flash.php(86): Slim\Slim->call()
#5 /server/public/ubilous/webroot/Slim/Middleware/MethodOverride.php(94): Slim\Middleware\Flash->call()
#6 /server/public/ubilous/webroot/Slim/Middleware/PrettyExceptions.php(67): Slim\Middleware\MethodOverride->call()
#7 /server/public/ubilous/webroot/Slim/Slim.php(1174): Slim\Middleware\PrettyExceptions->call()
#8 /server/public/ubilous/webroot/index.php(85): Slim\Slim->run()
#9 {main}
  thrown in /server/public/ubilous/webroot/routes/members.php on line 5
[11-Jun-2013 23:11:04 Asia/Manila] PHP Fatal error:  Call to a member function render() on a non-object in /server/public/ubilous/webroot/routes/members.php on line 28
[11-Jun-2013 23:11:40 Asia/Manila] PHP Warning:  Uncaught exception 'ErrorException' with message 'Undefined variable: app' in /server/public/ubilous/webroot/routes/members.php:5
Stack trace:
#0 /server/public/ubilous/webroot/routes/members.php(5): Slim\Slim::handleErrors(8, 'Undefined varia...', '/server/public/...', 5, Array)
#1 [internal function]: {closure}()
#2 /server/public/ubilous/webroot/Slim/Router.php(172): call_user_func_array(Object(Closure), Array)
#3 /server/public/ubilous/webroot/Slim/Slim.php(1222): Slim\Router->dispatch(Object(Slim\Route))
#4 /server/public/ubilous/webroot/Slim/Middleware/Flash.php(86): Slim\Slim->call()
#5 /server/public/ubilous/webroot/Slim/Middleware/MethodOverride.php(94): Slim\Middleware\Flash->call()
#6 /server/public/ubilous/webroot/Slim/Middleware/PrettyExceptions.php(67): Slim\Middleware\MethodOverride->call()
#7 /server/public/ubilous/webroot/Slim/Slim.php(1174): Slim\Middleware\PrettyExceptions->call()
#8 /server/public/ubilous/webroot/index.php(85): Slim\Slim->run()
#9 {main}
  thrown in /server/public/ubilous/webroot/routes/members.php on line 5
[11-Jun-2013 23:11:40 Asia/Manila] PHP Fatal error:  Call to a member function render() on a non-object in /server/public/ubilous/webroot/routes/members.php on line 29
[11-Jun-2013 23:11:41 Asia/Manila] PHP Warning:  Uncaught exception 'ErrorException' with message 'Undefined variable: app' in /server/public/ubilous/webroot/routes/members.php:5
Stack trace:
#0 /server/public/ubilous/webroot/routes/members.php(5): Slim\Slim::handleErrors(8, 'Undefined varia...', '/server/public/...', 5, Array)
#1 [internal function]: {closure}()
#2 /server/public/ubilous/webroot/Slim/Router.php(172): call_user_func_array(Object(Closure), Array)
#3 /server/public/ubilous/webroot/Slim/Slim.php(1222): Slim\Router->dispatch(Object(Slim\Route))
#4 /server/public/ubilous/webroot/Slim/Middleware/Flash.php(86): Slim\Slim->call()
#5 /server/public/ubilous/webroot/Slim/Middleware/MethodOverride.php(94): Slim\Middleware\Flash->call()
#6 /server/public/ubilous/webroot/Slim/Middleware/PrettyExceptions.php(67): Slim\Middleware\MethodOverride->call()
#7 /server/public/ubilous/webroot/Slim/Slim.php(1174): Slim\Middleware\PrettyExceptions->call()
#8 /server/public/ubilous/webroot/index.php(85): Slim\Slim->run()
#9 {main}
  thrown in /server/public/ubilous/webroot/routes/members.php on line 5
[11-Jun-2013 23:11:41 Asia/Manila] PHP Fatal error:  Call to a member function render() on a non-object in /server/public/ubilous/webroot/routes/members.php on line 29
[11-Jun-2013 23:12:23 Asia/Manila] PHP Warning:  Uncaught exception 'ErrorException' with message 'Undefined variable: app' in /server/public/ubilous/webroot/routes/members.php:5
Stack trace:
#0 /server/public/ubilous/webroot/routes/members.php(5): Slim\Slim::handleErrors(8, 'Undefined varia...', '/server/public/...', 5, Array)
#1 [internal function]: {closure}()
#2 /server/public/ubilous/webroot/Slim/Router.php(172): call_user_func_array(Object(Closure), Array)
#3 /server/public/ubilous/webroot/Slim/Slim.php(1222): Slim\Router->dispatch(Object(Slim\Route))
#4 /server/public/ubilous/webroot/Slim/Middleware/Flash.php(86): Slim\Slim->call()
#5 /server/public/ubilous/webroot/Slim/Middleware/MethodOverride.php(94): Slim\Middleware\Flash->call()
#6 /server/public/ubilous/webroot/Slim/Middleware/PrettyExceptions.php(67): Slim\Middleware\MethodOverride->call()
#7 /server/public/ubilous/webroot/Slim/Slim.php(1174): Slim\Middleware\PrettyExceptions->call()
#8 /server/public/ubilous/webroot/index.php(85): Slim\Slim->run()
#9 {main}
  thrown in /server/public/ubilous/webroot/routes/members.php on line 5
[11-Jun-2013 23:12:23 Asia/Manila] PHP Fatal error:  Call to a member function render() on a non-object in /server/public/ubilous/webroot/routes/members.php on line 28
[11-Jun-2013 23:13:19 Asia/Manila] PHP Warning:  Uncaught exception 'ErrorException' with message 'Undefined variable: app' in /server/public/ubilous/webroot/members.php:5
Stack trace:
#0 /server/public/ubilous/webroot/members.php(5): Slim\Slim::handleErrors(8, 'Undefined varia...', '/server/public/...', 5, Array)
#1 [internal function]: {closure}()
#2 /server/public/ubilous/webroot/Slim/Router.php(172): call_user_func_array(Object(Closure), Array)
#3 /server/public/ubilous/webroot/Slim/Slim.php(1222): Slim\Router->dispatch(Object(Slim\Route))
#4 /server/public/ubilous/webroot/Slim/Middleware/Flash.php(86): Slim\Slim->call()
#5 /server/public/ubilous/webroot/Slim/Middleware/MethodOverride.php(94): Slim\Middleware\Flash->call()
#6 /server/public/ubilous/webroot/Slim/Middleware/PrettyExceptions.php(67): Slim\Middleware\MethodOverride->call()
#7 /server/public/ubilous/webroot/Slim/Slim.php(1174): Slim\Middleware\PrettyExceptions->call()
#8 /server/public/ubilous/webroot/index.php(85): Slim\Slim->run()
#9 {main}
  thrown in /server/public/ubilous/webroot/members.php on line 5
[11-Jun-2013 23:13:19 Asia/Manila] PHP Fatal error:  Call to a member function render() on a non-object in /server/public/ubilous/webroot/members.php on line 28
[11-Jun-2013 23:14:07 Asia/Manila] PHP Parse error:  syntax error, unexpected '}' in /server/public/ubilous/webroot/members.php on line 7
[11-Jun-2013 23:14:32 Asia/Manila] PHP Warning:  Uncaught exception 'ErrorException' with message 'require_once(app/templates/login.php): failed to open stream: No such file or directory' in /server/public/ubilous/webroot/members.php:5
Stack trace:
#0 /server/public/ubilous/webroot/members.php(5): Slim\Slim::handleErrors(2, 'require_once(ap...', '/server/public/...', 5, Array)
#1 /server/public/ubilous/webroot/members.php(5): {closure}()
#2 [internal function]: {closure}()
#3 /server/public/ubilous/webroot/Slim/Router.php(172): call_user_func_array(Object(Closure), Array)
#4 /server/public/ubilous/webroot/Slim/Slim.php(1222): Slim\Router->dispatch(Object(Slim\Route))
#5 /server/public/ubilous/webroot/Slim/Middleware/Flash.php(86): Slim\Slim->call()
#6 /server/public/ubilous/webroot/Slim/Middleware/MethodOverride.php(94): Slim\Middleware\Flash->call()
#7 /server/public/ubilous/webroot/Slim/Middleware/PrettyExceptions.php(67): Slim\Middleware\MethodOverride->call()
#8 /server/public/ubilous/webroot/Slim/Slim.php(1174): Slim\Middleware\PrettyExceptions->call() in /server/public/ubilous/webroot/members.php on line 5
[11-Jun-2013 23:14:32 Asia/Manila] PHP Fatal error:  {closure}(): Failed opening required 'app/templates/login.php' (include_path='.:/usr/share/php;/server/public/library') in /server/public/ubilous/webroot/members.php on line 28
[11-Jun-2013 23:19:15 Asia/Manila] PHP Parse error:  syntax error, unexpected 'if' (T_IF) in /server/public/ubilous/webroot/members.php on line 5
